生成启动时间为 2018/12/5 19:17:14。
     1>项目“C:\Users\zhy93\Desktop\新建文件夹 (2)\jw final.vcxproj”在节点 2 上(Build 个目标)。
     1>ClCompile:
         D:\visual studio2013\VC\bin\CL.exe /c /ZI /nologo /W3 /WX- /sdl /Od /Oy- /D WIN32 /D _DEBUG /D _CONSOLE /D _LIB /D _UNICODE /D UNICODE /Gm /EHsc /RTC1 /MDd /GS /fp:precise /Zc:wchar_t /Zc:forScope /Fo"Debug\\" /Fd"Debug\vc120.pdb" /Gd /TP /analyze- /errorReport:prompt creatluyou.cpp insertedge.cpp insertnode.cpp print.cpp removeedge.cpp removenode.cpp shortestway.cpp
         shortestway.cpp
         removenode.cpp
     1>c:\users\zhy93\desktop\新建文件夹 (2)\removenode.cpp(9): warning C4101: “i”: 未引用的局部变量
         removeedge.cpp
         insertnode.cpp
         creatluyou.cpp
         正在生成代码...
     1>c:\users\zhy93\desktop\新建文件夹 (2)\creatluyou.cpp(16): warning C4715: “Graphcnt::getValue”: 不是所有的控件路径都返回值
         正在编译...
         insertedge.cpp
     1>c:\users\zhy93\desktop\新建文件夹 (2)\insertedge.cpp(8): warning C4101: “b”: 未引用的局部变量
     1>c:\users\zhy93\desktop\新建文件夹 (2)\insertedge.cpp(8): warning C4101: “c”: 未引用的局部变量
         正在生成代码...
         正在编译...
         print.cpp
         正在生成代码...
       Link:
         D:\visual studio2013\VC\bin\link.exe /ERRORREPORT:PROMPT /OUT:"C:\Users\zhy93\Desktop\新建文件夹 (2)\Debug\jw final.exe" /INCREMENTAL /NOLOGO kernel32.lib user32.lib gdi32.lib winspool.lib comdlg32.lib advapi32.lib shell32.lib ole32.lib oleaut32.lib uuid.lib odbc32.lib odbccp32.lib /MANIFEST /MANIFESTUAC:"level='asInvoker' uiAccess='false'" /manifest:embed /DEBUG /PDB:"C:\Users\zhy93\Desktop\新建文件夹 (2)\Debug\jw final.pdb" /SUBSYSTEM:CONSOLE /TLBID:1 /DYNAMICBASE /NXCOMPAT /IMPLIB:"C:\Users\zhy93\Desktop\新建文件夹 (2)\Debug\jw final.lib" /MACHINE:X86 Debug\creatluyou.obj
         Debug\insertedge.obj
         Debug\insertnode.obj
         Debug\main.obj
         Debug\print.obj
         Debug\removeedge.obj
         Debug\removenode.obj
         Debug\shortestway.obj
         jw final.vcxproj -> C:\Users\zhy93\Desktop\新建文件夹 (2)\Debug\jw final.exe
     1>已完成生成项目“C:\Users\zhy93\Desktop\新建文件夹 (2)\jw final.vcxproj”(Build 个目标)的操作。

生成成功。

已用时间 00:00:02.86
